{"synthetic": false,
 "schemaVersion": "2025-09-10",
 "outputs":
 {"o": ["92821f20e6583c6c.olean"],
  "i": "3f3f2cb7c2f55859.ilean",
  "c": "274724e326949b7c.c"},
 "log":
 [{"message":
   ".> LEAN_PATH=/Users/vivekpandey/thevivekpandey.github.io/lean/workshop/.lake/packages/Cli/.lake/build/lib/lean:/Users/vivekpandey/thevivekpandey.github.io/lean/workshop/.lake/packages/batteries/.lake/build/lib/lean:/Users/vivekpandey/thevivekpandey.github.io/lean/workshop/.lake/packages/Qq/.lake/build/lib/lean:/Users/vivekpandey/thevivekpandey.github.io/lean/workshop/.lake/packages/aesop/.lake/build/lib/lean:/Users/vivekpandey/thevivekpandey.github.io/lean/workshop/.lake/packages/proofwidgets/.lake/build/lib/lean:/Users/vivekpandey/thevivekpandey.github.io/lean/workshop/.lake/packages/importGraph/.lake/build/lib/lean:/Users/vivekpandey/thevivekpandey.github.io/lean/workshop/.lake/packages/LeanSearchClient/.lake/build/lib/lean:/Users/vivekpandey/thevivekpandey.github.io/lean/workshop/.lake/packages/plausible/.lake/build/lib/lean:/Users/vivekpandey/thevivekpandey.github.io/lean/workshop/.lake/packages/mathlib/.lake/build/lib/lean:/Users/vivekpandey/thevivekpandey.github.io/lean/workshop/.lake/build/lib/lean /Users/vivekpandey/.elan/toolchains/leanprover--lean4---v4.26.0/bin/lean /Users/vivekpandey/thevivekpandey.github.io/lean/workshop/LeanLangur/People.lean -o /Users/vivekpandey/thevivekpandey.github.io/lean/workshop/.lake/build/lib/lean/LeanLangur/People.olean -i /Users/vivekpandey/thevivekpandey.github.io/lean/workshop/.lake/build/lib/lean/LeanLangur/People.ilean -c /Users/vivekpandey/thevivekpandey.github.io/lean/workshop/.lake/build/ir/LeanLangur/People.c --setup /Users/vivekpandey/thevivekpandey.github.io/lean/workshop/.lake/build/ir/LeanLangur/People.setup.json --json",
   "level": "trace"}],
 "inputs":
 [["LeanLangur.People:deps",
   [["deps",
     [["LeanLangur/LeanLangur:extraDep",
       [["@LeanLangur:extraDep", "00000000000006bb"]]],
      ["imports", "00000000000006bb"]]],
    ["libs",
     [["import dynlibs", "00000000000006bb"],
      ["package external libraries", "00000000000006bb"],
      ["module dynlibs", "00000000000006bb"],
      ["module plugins", "00000000000006bb"]]]]],
  ["Lean 4.26.0, commit d8204c9fd894f91bbb2cdfec5912ec8196fd8562",
   "9c9419104e9584f8"],
  ["/Users/vivekpandey/thevivekpandey.github.io/lean/workshop/LeanLangur/People.lean",
   "52efdbecf3929ce8"],
  ["options", [["-Dpp.unicode.fun=true", "9b94070140457fab"]]],
  ["Module.leanArgs: #[]", "00000000000006bb"]],
 "depHash": "0b59617ffc30a475"}