{"synthetic": false,
 "schemaVersion": "2025-09-10",
 "outputs":
 {"o": ["ad8888cf5ca2080e.olean"],
  "i": "a7e3a06d30080963.ilean",
  "c": "ee3b10bda1440a4e.c"},
 "log":
 [{"message":
   ".> LEAN_PATH=/Users/vivekpandey/thevivekpandey.github.io/lean/workshop/.lake/packages/Cli/.lake/build/lib/lean:/Users/vivekpandey/thevivekpandey.github.io/lean/workshop/.lake/packages/batteries/.lake/build/lib/lean:/Users/vivekpandey/thevivekpandey.github.io/lean/workshop/.lake/packages/Qq/.lake/build/lib/lean:/Users/vivekpandey/thevivekpandey.github.io/lean/workshop/.lake/packages/aesop/.lake/build/lib/lean:/Users/vivekpandey/thevivekpandey.github.io/lean/workshop/.lake/packages/proofwidgets/.lake/build/lib/lean:/Users/vivekpandey/thevivekpandey.github.io/lean/workshop/.lake/packages/importGraph/.lake/build/lib/lean:/Users/vivekpandey/thevivekpandey.github.io/lean/workshop/.lake/packages/LeanSearchClient/.lake/build/lib/lean:/Users/vivekpandey/thevivekpandey.github.io/lean/workshop/.lake/packages/plausible/.lake/build/lib/lean:/Users/vivekpandey/thevivekpandey.github.io/lean/workshop/.lake/packages/mathlib/.lake/build/lib/lean:/Users/vivekpandey/thevivekpandey.github.io/lean/workshop/.lake/build/lib/lean /Users/vivekpandey/.elan/toolchains/leanprover--lean4---v4.26.0/bin/lean /Users/vivekpandey/thevivekpandey.github.io/lean/workshop/LeanLangur/QuickSort.lean -o /Users/vivekpandey/thevivekpandey.github.io/lean/workshop/.lake/build/lib/lean/LeanLangur/QuickSort.olean -i /Users/vivekpandey/thevivekpandey.github.io/lean/workshop/.lake/build/lib/lean/LeanLangur/QuickSort.ilean -c /Users/vivekpandey/thevivekpandey.github.io/lean/workshop/.lake/build/ir/LeanLangur/QuickSort.c --setup /Users/vivekpandey/thevivekpandey.github.io/lean/workshop/.lake/build/ir/LeanLangur/QuickSort.setup.json --json",
   "level": "trace"},
  {"message": "LeanLangur/QuickSort.lean:80:8: declaration uses 'sorry'",
   "level": "warning"},
  {"message": "LeanLangur/QuickSort.lean:86:8: declaration uses 'sorry'",
   "level": "warning"}],
 "inputs":
 [["LeanLangur.QuickSort:deps",
   [["deps",
     [["LeanLangur/LeanLangur:extraDep",
       [["@LeanLangur:extraDep", "00000000000006bb"]]],
      ["imports",
       [["Mathlib.Data.List.Basic transitive imports (legacy)",
         "f9dc56f74e61423b"],
        ["Mathlib.Data.List.Basic:importAllArts", "e8ac2b1a93395b81"],
        ["Mathlib.Tactic transitive imports (legacy)", "b8a138cf98cb75bc"],
        ["Mathlib.Tactic:importAllArts", "2ddee1d062badb4c"]]]]],
    ["libs",
     [["import dynlibs", "00000000000006bb"],
      ["package external libraries", "00000000000006bb"],
      ["module dynlibs", "00000000000006bb"],
      ["module plugins", "00000000000006bb"]]]]],
  ["Lean 4.26.0, commit d8204c9fd894f91bbb2cdfec5912ec8196fd8562",
   "9c9419104e9584f8"],
  ["/Users/vivekpandey/thevivekpandey.github.io/lean/workshop/LeanLangur/QuickSort.lean",
   "51f5a02b76e03170"],
  ["options", [["-Dpp.unicode.fun=true", "9b94070140457fab"]]],
  ["Module.leanArgs: #[]", "00000000000006bb"]],
 "depHash": "5d34f0e6baefaadc"}